Starting project at D:\Repo\hivicode\SP4.1-Mobile-Development\UTS-kasir-umkm
Starting Metro Bundler
warning: Bundler cache is empty, rebuilding (this may take a minute)
Waiting on http://localhost:8082
Logs for your project will appear below.
Android .\index.js ‚ĖĎ‚ĖĎ‚ĖĎ‚ĖĎ‚ĖĎ‚ĖĎ‚ĖĎ‚ĖĎ‚ĖĎ‚ĖĎ‚ĖĎ‚ĖĎ‚ĖĎ‚ĖĎ‚ĖĎ‚ĖĎ  0.0% (0/1)
Android Bundling failed 2132ms index.js (1 module)
 ERROR  Error: [BABEL] D:\Repo\hivicode\SP4.1-Mobile-Development\UTS-kasir-umkm\index.js: Cannot find module 'D:\Repo\hivicode\SP4.1-Mobile-Development\UTS-kasir-umkm\node_modules\babel-plugin-syntax-hermes-parser\node_modules\hermes-parser\dist\index.js'. Please verify that the package.json has a valid "main" entry (While processing: "base$0")
    at tryPackage (node:internal/modules/cjs/loader:525:19)
    at Module._findPath (node:internal/modules/cjs/loader:793:18)
    at Module._resolveFilename (node:internal/modules/cjs/loader:1433:27)
    at defaultResolveImpl (node:internal/modules/cjs/loader:1059:19)
    at resolveForCJSWithHooks (node:internal/modules/cjs/loader:1064:22)
    at Module._load (node:internal/modules/cjs/loader:1234:25)
    at TracingChannel.traceSync (node:diagnostics_channel:328:14)
    at wrapModuleLoad (node:internal/modules/cjs/loader:245:24)
    at Module.require (node:internal/modules/cjs/loader:1548:12)
    at require (node:internal/modules/helpers:152:16)
    at Object.<anonymous> (D:\Repo\hivicode\SP4.1-Mobile-Development\UTS-kasir-umkm\node_modules\babel-plugin-syntax-hermes-parser\dist\index.js:17:44)
    at Module._compile (node:internal/modules/cjs/loader:1804:14)
    at Object..js (node:internal/modules/cjs/loader:1936:10)
    at Module.load (node:internal/modules/cjs/loader:1525:32)
    at Module._load (node:internal/modules/cjs/loader:1327:12)
    at TracingChannel.traceSync (node:diagnostics_channel:328:14)
    at wrapModuleLoad (node:internal/modules/cjs/loader:245:24)
    at Module.require (node:internal/modules/cjs/loader:1548:12)
    at require (node:internal/modules/helpers:152:16)
    at getPreset (D:\Repo\hivicode\SP4.1-Mobile-Development\UTS-kasir-umkm\node_modules\@react-native\babel-preset\src\configs\main.js:226:13)
    at D:\Repo\hivicode\SP4.1-Mobile-Development\UTS-kasir-umkm\node_modules\expo\node_modules\babel-preset-expo\build\index.js:243:51
    at babelPresetExpo (D:\Repo\hivicode\SP4.1-Mobile-Development\UTS-kasir-umkm\node_modules\expo\node_modules\babel-preset-expo\build\index.js:251:15)
    at sync (D:\Repo\hivicode\SP4.1-Mobile-Development\UTS-kasir-umkm\node_modules\@babel\core\lib\gensync-utils\async.js:30:25)
    at sync (D:\Repo\hivicode\SP4.1-Mobile-Development\UTS-kasir-umkm\node_modules\gensync\index.js:182:19)
    at D:\Repo\hivicode\SP4.1-Mobile-Development\UTS-kasir-umkm\node_modules\gensync\index.js:210:24
    at Generator.next (<anonymous>)
    at D:\Repo\hivicode\SP4.1-Mobile-Development\UTS-kasir-umkm\node_modules\@babel\core\lib\config\full.js:180:21
    at Generator.next (<anonymous>)
    at Function.<anonymous> (D:\Repo\hivicode\SP4.1-Mobile-Development\UTS-kasir-umkm\node_modules\@babel\core\lib\gensync-utils\async.js:21:3)
    at Generator.next (<anonymous>)
    at evaluateSync (D:\Repo\hivicode\SP4.1-Mobile-Development\UTS-kasir-umkm\node_modules\gensync\index.js:251:28)
    at Function.sync (D:\Repo\hivicode\SP4.1-Mobile-Development\UTS-kasir-umkm\node_modules\gensync\index.js:89:14)
    at sync (D:\Repo\hivicode\SP4.1-Mobile-Development\UTS-kasir-umkm\node_modules\@babel\core\lib\gensync-utils\async.js:61:25)
    at sync (D:\Repo\hivicode\SP4.1-Mobile-Development\UTS-kasir-umkm\node_modules\gensync\index.js:182:19)
    at onFirstPause (D:\Repo\hivicode\SP4.1-Mobile-Development\UTS-kasir-umkm\node_modules\gensync\index.js:210:24)
    at Generator.next (<anonymous>)
    at cachedFunction (D:\Repo\hivicode\SP4.1-Mobile-Development\UTS-kasir-umkm\node_modules\@babel\core\lib\config\caching.js:52:46)
    at cachedFunction.next (<anonymous>)
    at loadPresetDescriptor (D:\Repo\hivicode\SP4.1-Mobile-Development\UTS-kasir-umkm\node_modules\@babel\core\lib\config\full.js:292:43)
    at loadPresetDescriptor.next (<anonymous>)
    at recursePresetDescriptors (D:\Repo\hivicode\SP4.1-Mobile-Development\UTS-kasir-umkm\node_modules\@babel\core\lib\config\full.js:77:31)
    at recursePresetDescriptors.next (<anonymous>)
    at D:\Repo\hivicode\SP4.1-Mobile-Development\UTS-kasir-umkm\node_modules\@babel\core\lib\config\full.js:156:21
    at Generator.next (<anonymous>)
    at loadFullConfig (D:\Repo\hivicode\SP4.1-Mobile-Development\UTS-kasir-umkm\node_modules\@babel\core\lib\config\full.js:113:5)
    at loadFullConfig.next (<anonymous>)
    at transform (D:\Repo\hivicode\SP4.1-Mobile-Development\UTS-kasir-umkm\node_modules\@babel\core\lib\transform.js:20:44)
    at transform.next (<anonymous>)
    at evaluateSync (D:\Repo\hivicode\SP4.1-Mobile-Development\UTS-kasir-umkm\node_modules\gensync\index.js:251:28)
Android .\index.js ‚ĖĎ‚ĖĎ‚ĖĎ‚ĖĎ‚ĖĎ‚ĖĎ‚ĖĎ‚ĖĎ‚ĖĎ‚ĖĎ‚ĖĎ‚ĖĎ‚ĖĎ‚ĖĎ‚ĖĎ‚ĖĎ  0.0% (0/1)
Android .\index.js ‚Ėď‚ĖĎ‚ĖĎ‚ĖĎ‚ĖĎ‚ĖĎ‚ĖĎ‚ĖĎ‚ĖĎ‚ĖĎ‚ĖĎ‚ĖĎ‚ĖĎ‚ĖĎ‚ĖĎ‚ĖĎ  9.5% (24/78)
Android .\index.js ‚Ėď‚Ėď‚ĖĎ‚ĖĎ‚ĖĎ‚ĖĎ‚ĖĎ‚ĖĎ‚ĖĎ‚ĖĎ‚ĖĎ‚ĖĎ‚ĖĎ‚ĖĎ‚ĖĎ‚ĖĎ 13.8% ( 95/267)
 WARN  The package D:\Repo\hivicode\SP4.1-Mobile-Development\UTS-kasir-umkm\node_modules\expo\node_modules\expo-keep-awake contains an invalid package.json configuration. Consider raising this issue with the package maintainer(s).
Reason: The resolution for "D:\Repo\hivicode\SP4.1-Mobile-Development\UTS-kasir-umkm\node_modules\expo\node_modules\expo-keep-awake" defined in "exports" is D:\Repo\hivicode\SP4.1-Mobile-Development\UTS-kasir-umkm\node_modules\expo\node_modules\expo-keep-awake\src\index.ts, however this file does not exist. Falling back to file-based resolution.
Android .\index.js ‚Ėď‚Ėď‚Ėď‚Ėď‚Ėď‚Ėď‚ĖĎ‚ĖĎ‚ĖĎ‚ĖĎ‚ĖĎ‚ĖĎ‚ĖĎ‚ĖĎ‚ĖĎ‚ĖĎ 39.8% (255/418)
Android .\index.js ‚Ėď‚Ėď‚Ėď‚Ėď‚Ėď‚Ėď‚ĖĎ‚ĖĎ‚ĖĎ‚ĖĎ‚ĖĎ‚ĖĎ‚ĖĎ‚ĖĎ‚ĖĎ‚ĖĎ 39.8% ( 272/2151)
Android .\index.js ‚Ėď‚Ėď‚Ėď‚Ėď‚Ėď‚Ėď‚ĖĎ‚ĖĎ‚ĖĎ‚ĖĎ‚ĖĎ‚ĖĎ‚ĖĎ‚ĖĎ‚ĖĎ‚ĖĎ 39.8% ( 423/2346)
Android .\index.js ‚Ėď‚Ėď‚Ėď‚Ėď‚Ėď‚Ėď‚ĖĎ‚ĖĎ‚ĖĎ‚ĖĎ‚ĖĎ‚ĖĎ‚ĖĎ‚ĖĎ‚ĖĎ‚ĖĎ 39.8% ( 952/2356)
Android .\index.js ‚Ėď‚Ėď‚Ėď‚Ėď‚Ėď‚Ėď‚ĖĎ‚ĖĎ‚ĖĎ‚ĖĎ‚ĖĎ‚ĖĎ‚ĖĎ‚ĖĎ‚ĖĎ‚ĖĎ 41.3% (1515/2356)
Android .\index.js ‚Ėď‚Ėď‚Ėď‚Ėď‚Ėď‚Ėď‚Ėď‚Ėď‚Ėď‚Ėď‚Ėď‚Ėď‚ĖĎ‚ĖĎ‚ĖĎ‚ĖĎ 79.6% (2102/2356)
Android .\index.js ‚Ėď‚Ėď‚Ėď‚Ėď‚Ėď‚Ėď‚Ėď‚Ėď‚Ėď‚Ėď‚Ėď‚Ėď‚Ėď‚Ėď‚ĖĎ‚ĖĎ 90.2% (2338/2509)
Android .\index.js ‚Ėď‚Ėď‚Ėď‚Ėď‚Ėď‚Ėď‚Ėď‚Ėď‚Ėď‚Ėď‚Ėď‚Ėď‚Ėď‚Ėď‚Ėď‚ĖĎ 94.4% (2599/2675)
Android .\index.js ‚Ėď‚Ėď‚Ėď‚Ėď‚Ėď‚Ėď‚Ėď‚Ėď‚Ėď‚Ėď‚Ėď‚Ėď‚Ėď‚Ėď‚Ėď‚ĖĎ 97.4% (2832/2871)
Android Bundling failed 54272ms index.js (2904 modules)
Unable to resolve "./100Thin/Inter_100Thin.ttf" from "node_modules\@expo-google-fonts\inter\index.js"
[0m [90m 4 |[39m [36mexport[39m [33m*[39m [36mfrom[39m [32m'./useFonts'[39m[33m;[39m
 [90m 5 |[39m [36mexport[39m { [36mdefault[39m [36mas[39m __metadata__ } [36mfrom[39m [32m'./metadata.json'[39m[33m;[39m
[31m[1m>[22m[39m[90m 6 |[39m [36mexport[39m [36mconst[39m [33mInter_100Thin[39m [33m=[39m require([32m'./100Thin/Inter_100Thin.ttf'[39m)[33m;[39m
 [90m   |[39m                                       [31m[1m^[22m[39m
 [90m 7 |[39m [36mexport[39m [36mconst[39m [33mInter_200ExtraLight[39m [33m=[39m require([32m'./200ExtraLight/Inter_200ExtraLight.ttf'[39m)[33m;[39m
 [90m 8 |[39m [36mexport[39m [36mconst[39m [33mInter_300Light[39m [33m=[39m require([32m'./300Light/Inter_300Light.ttf'[39m)[33m;[39m
 [90m 9 |[39m [36mexport[39m [36mconst[39m [33mInter_400Regular[39m [33m=[39m require([32m'./400Regular/Inter_400Regular.ttf'[39m)[33m;[39m[0m

Import stack:

 node_modules\@expo-google-fonts\inter\index.js
 | import "./100Thin/Inter_100Thin.ttf"

 App.js
 | import "@expo-google-fonts/inter"

 index.js
 | import "./App"

 
 | import "./index"

Android .\index.js ‚ĖĎ‚ĖĎ‚ĖĎ‚ĖĎ‚ĖĎ‚ĖĎ‚ĖĎ‚ĖĎ‚ĖĎ‚ĖĎ‚ĖĎ‚ĖĎ‚ĖĎ‚ĖĎ‚ĖĎ‚ĖĎ  0.0% (0/1)
 WARN  The package D:\Repo\hivicode\SP4.1-Mobile-Development\UTS-kasir-umkm\node_modules\expo\node_modules\expo-keep-awake contains an invalid package.json configuration. Consider raising this issue with the package maintainer(s).
Reason: The resolution for "D:\Repo\hivicode\SP4.1-Mobile-Development\UTS-kasir-umkm\node_modules\expo\node_modules\expo-keep-awake" defined in "exports" is D:\Repo\hivicode\SP4.1-Mobile-Development\UTS-kasir-umkm\node_modules\expo\node_modules\expo-keep-awake\src\index.ts, however this file does not exist. Falling back to file-based resolution.
Android Bundled 2694ms index.js (2935 modules)
